[debug] [2020-09-24T07:11:46.257Z] ----------------------------------------------------------------------
[debug] [2020-09-24T07:11:46.259Z] Command:       C:\Program Files\nodejs\node.exe C:\Users\Frede\AppData\Roaming\npm\node_modules\firebase-tools\lib\bin\firebase.js init
[debug] [2020-09-24T07:11:46.259Z] CLI Version:   8.6.0
[debug] [2020-09-24T07:11:46.259Z] Platform:      win32
[debug] [2020-09-24T07:11:46.259Z] Node Version:  v12.18.2
[debug] [2020-09-24T07:11:46.260Z] Time:          Thu Sep 24 2020 09:11:46 GMT+0200 (Central European Summer Time)
[debug] [2020-09-24T07:11:46.260Z] ----------------------------------------------------------------------
[debug] [2020-09-24T07:11:46.260Z] 
[debug] [2020-09-24T07:11:46.268Z] > command requires scopes: ["email","openid","https://www.googleapis.com/auth/cloudplatformprojects.readonly","https://www.googleapis.com/auth/firebase","https://www.googleapis.com/auth/cloud-platform"]
[debug] [2020-09-24T07:11:46.269Z] > authorizing via signed-in user
[info] 
     ######## #### ########  ######## ########     ###     ######  ########
     ##        ##  ##     ## ##       ##     ##  ##   ##  ##       ##
     ######    ##  ########  ######   ########  #########  ######  ######
     ##        ##  ##    ##  ##       ##     ## ##     ##       ## ##
     ##       #### ##     ## ######## ########  ##     ##  ######  ########

You're about to initialize a Firebase project in this directory:

  C:\Users\Frede\WebstormProjects\galleri

Before we get started, keep in mind:

  * You are initializing in an existing Firebase project directory

